Determining if the pthread_create exist failed with the following output:
Change Dir: /tmp/guest-dfdldb/ass1/build/CMakeFiles/CMakeTmp

Run Build Command:"/usr/bin/make" "cmTC_d004c/fast"
/usr/bin/make -f CMakeFiles/cmTC_d004c.dir/build.make CMakeFiles/cmTC_d004c.dir/build
make[1]: Entering directory '/tmp/guest-dfdldb/ass1/build/CMakeFiles/CMakeTmp'
Building C object CMakeFiles/cmTC_d004c.dir/CheckSymbolExists.c.o
/usr/bin/cc     -o CMakeFiles/cmTC_d004c.dir/CheckSymbolExists.c.o   -c /tmp/guest-dfdldb/ass1/build/CMakeFiles/CMakeTmp/CheckSymbolExists.c
Linking C executable cmTC_d004c
/usr/bin/cmake -E cmake_link_script CMakeFiles/cmTC_d004c.dir/link.txt --verbose=1
/usr/bin/cc       CMakeFiles/cmTC_d004c.dir/CheckSymbolExists.c.o  -o cmTC_d004c -rdynamic 
CMakeFiles/cmTC_d004c.dir/CheckSymbolExists.c.o: In function `main':
CheckSymbolExists.c:(.text+0x16): undefined reference to `pthread_create'
collect2: error: ld returned 1 exit status
CMakeFiles/cmTC_d004c.dir/build.make:97: recipe for target 'cmTC_d004c' failed
make[1]: *** [cmTC_d004c] Error 1
make[1]: Leaving directory '/tmp/guest-dfdldb/ass1/build/CMakeFiles/CMakeTmp'
Makefile:126: recipe for target 'cmTC_d004c/fast' failed
make: *** [cmTC_d004c/fast] Error 2

File /tmp/guest-dfdldb/ass1/build/CMakeFiles/CMakeTmp/CheckSymbolExists.c:
/* */
#include <pthread.h>

int main(int argc, char** argv)
{
  (void)argv;
#ifndef pthread_create
  return ((int*)(&pthread_create))[argc];
#else
  (void)argc;
  return 0;
#endif
}

Determining if the function pthread_create exists in the pthreads failed with the following output:
Change Dir: /tmp/guest-dfdldb/ass1/build/CMakeFiles/CMakeTmp

Run Build Command:"/usr/bin/make" "cmTC_22b50/fast"
/usr/bin/make -f CMakeFiles/cmTC_22b50.dir/build.make CMakeFiles/cmTC_22b50.dir/build
make[1]: Entering directory '/tmp/guest-dfdldb/ass1/build/CMakeFiles/CMakeTmp'
Building C object CMakeFiles/cmTC_22b50.dir/CheckFunctionExists.c.o
/usr/bin/cc    -DCHECK_FUNCTION_EXISTS=pthread_create   -o CMakeFiles/cmTC_22b50.dir/CheckFunctionExists.c.o   -c /usr/share/cmake-3.5/Modules/CheckFunctionExists.c
Linking C executable cmTC_22b50
/usr/bin/cmake -E cmake_link_script CMakeFiles/cmTC_22b50.dir/link.txt --verbose=1
/usr/bin/cc   -DCHECK_FUNCTION_EXISTS=pthread_create    CMakeFiles/cmTC_22b50.dir/CheckFunctionExists.c.o  -o cmTC_22b50 -rdynamic -lpthreads 
/usr/bin/ld: cannot find -lpthreads
collect2: error: ld returned 1 exit status
CMakeFiles/cmTC_22b50.dir/build.make:97: recipe for target 'cmTC_22b50' failed
make[1]: *** [cmTC_22b50] Error 1
make[1]: Leaving directory '/tmp/guest-dfdldb/ass1/build/CMakeFiles/CMakeTmp'
Makefile:126: recipe for target 'cmTC_22b50/fast' failed
make: *** [cmTC_22b50/fast] Error 2


